2019-03-12 15:31:41.799  INFO 13328 --- [main] ExploreCaliforniaMicroserviceApplication : Starting ExploreCaliforniaMicroserviceApplication on WKWIN3253567 with PID 13328 (C:\Users\pragupta14\IdeaProjects\explorecali\target\classes started by pragupta14 in C:\Users\pragupta14\IdeaProjects\explorecali)
2019-03-12 15:31:41.802  INFO 13328 --- [main] ExploreCaliforniaMicroserviceApplication : No active profile set, falling back to default profiles: default
2019-03-12 15:31:44.117  INFO 13328 --- [main] .s.d.r.c.RepositoryConfigurationDelegate : Bootstrapping Spring Data repositories in DEFAULT mode.
2019-03-12 15:31:44.272  INFO 13328 --- [main] .s.d.r.c.RepositoryConfigurationDelegate : Finished Spring Data repository scanning in 113ms. Found 3 repository interfaces.
2019-03-12 15:31:44.963  INFO 13328 --- [main] trationDelegate$BeanPostProcessorChecker : Bean 'org.springframework.transaction.annotation.ProxyTransactionManagementConfiguration' of type [org.springframework.transaction.annotation.ProxyTransactionManagementConfiguration$$EnhancerBySpringCGLIB$$a4759c60] is not eligible for getting processed by all BeanPostProcessors (for example: not eligible for auto-proxying)
2019-03-12 15:31:45.002  INFO 13328 --- [main] trationDelegate$BeanPostProcessorChecker : Bean 'org.springframework.hateoas.config.HateoasConfiguration' of type [org.springframework.hateoas.config.HateoasConfiguration$$EnhancerBySpringCGLIB$$23f5e992] is not eligible for getting processed by all BeanPostProcessors (for example: not eligible for auto-proxying)
2019-03-12 15:31:45.570  INFO 13328 --- [main] o.s.b.w.embedded.tomcat.TomcatWebServer  : Tomcat initialized with port(s): 8080 (http)
2019-03-12 15:31:45.605  INFO 13328 --- [main] o.apache.catalina.core.StandardService   : Starting service [Tomcat]
2019-03-12 15:31:45.606  INFO 13328 --- [main] org.apache.catalina.core.StandardEngine  : Starting Servlet engine: [Apache Tomcat/9.0.16]
2019-03-12 15:31:45.611  INFO 13328 --- [main] o.a.catalina.core.AprLifecycleListener   : The APR based Apache Tomcat Native library which allows optimal performance in production environments was not found on the java.library.path: [C:\Program Files\Java\jdk-11.0.1\bin;C:\WINDOWS\Sun\Java\bin;C:\WINDOWS\system32;C:\WINDOWS;C:\Program Files\Java\jdk-11.0.1\bin;C:\Program Files (x86)\Common Files\Oracle\Java\javapath;C:\WINDOWS\system32;C:\WINDOWS;C:\WINDOWS\System32\Wbem;C:\WINDOWS\System32\WindowsPowerShell\v1.0\;C:\WINDOWS\System32\OpenSSH\;C:\Program Files (x86)\Box\Box Edit\;C:\Program Files (x86)\sbt\bin;C:\Program Files\Git\cmd;C:\Program Files\nodejs\;C:\Python27;C:\Python27\Scripts;C:\Users\pragupta14\AppData\Roaming\npm;.]
2019-03-12 15:31:45.747  INFO 13328 --- [main] o.a.c.c.C.[Tomcat].[localhost].[/]       : Initializing Spring embedded WebApplicationContext
2019-03-12 15:31:45.748  INFO 13328 --- [main] o.s.web.context.ContextLoader            : Root WebApplicationContext: initialization completed in 3894 ms
2019-03-12 15:31:45.980  INFO 13328 --- [main] com.zaxxer.hikari.HikariDataSource       : HikariPool-1 - Starting...
2019-03-12 15:31:46.080  INFO 13328 --- [main] com.zaxxer.hikari.HikariDataSource       : HikariPool-1 - Start completed.
2019-03-12 15:31:46.442  INFO 13328 --- [main] o.hibernate.jpa.internal.util.LogHelper  : HHH000204: Processing PersistenceUnitInfo [
	name: default
	...]
2019-03-12 15:31:46.502  INFO 13328 --- [main] org.hibernate.Version                    : HHH000412: Hibernate Core {5.3.7.Final}
2019-03-12 15:31:46.504  INFO 13328 --- [main] org.hibernate.cfg.Environment            : HHH000206: hibernate.properties not found
2019-03-12 15:31:46.646  INFO 13328 --- [main] o.hibernate.annotations.common.Version   : HCANN000001: Hibernate Commons Annotations {5.0.4.Final}
2019-03-12 15:31:46.806  INFO 13328 --- [main] org.hibernate.dialect.Dialect            : HHH000400: Using dialect: org.hibernate.dialect.H2Dialect
2019-03-12 15:31:47.634  INFO 13328 --- [main] j.LocalContainerEntityManagerFactoryBean : Initialized JPA EntityManagerFactory for persistence unit 'default'
2019-03-12 15:31:48.905  INFO 13328 --- [main] o.s.s.concurrent.ThreadPoolTaskExecutor  : Initializing ExecutorService 'applicationTaskExecutor'
2019-03-12 15:31:48.970  WARN 13328 --- [main] aWebConfiguration$JpaWebMvcConfiguration : spring.jpa.open-in-view is enabled by default. Therefore, database queries may be performed during view rendering. Explicitly configure spring.jpa.open-in-view to disable this warning
2019-03-12 15:31:49.430  INFO 13328 --- [main] o.s.b.w.embedded.tomcat.TomcatWebServer  : Tomcat started on port(s): 8080 (http) with context path ''
2019-03-12 15:31:49.440  INFO 13328 --- [main] ExploreCaliforniaMicroserviceApplication : Started ExploreCaliforniaMicroserviceApplication in 8.224 seconds (JVM running for 9.623)
2019-03-12 15:32:29.903  INFO 13328 --- [http-nio-8080-exec-2] o.a.c.c.C.[Tomcat].[localhost].[/]       : Initializing Spring DispatcherServlet 'dispatcherServlet'
2019-03-12 15:32:29.904  INFO 13328 --- [http-nio-8080-exec-2] o.s.web.servlet.DispatcherServlet        : Initializing Servlet 'dispatcherServlet'
2019-03-12 15:32:29.930  INFO 13328 --- [http-nio-8080-exec-2] o.s.web.servlet.DispatcherServlet        : Completed initialization in 26 ms
2019-03-12 15:32:29.969  INFO 13328 --- [http-nio-8080-exec-2] com.example.ec.web.TourRatingController  : POST /tours/1/ratings/3
2019-03-12 15:32:29.982  INFO 13328 --- [http-nio-8080-exec-2] com.example.ec.web.TourRatingController  : Rate tour 1 by customers [1, 2, 3, 4, 5, 6]
2019-03-12 15:32:30.055  WARN 13328 --- [http-nio-8080-exec-2] o.h.engine.jdbc.spi.SqlExceptionHelper   : SQL Error: 23505, SQLState: 23505
2019-03-12 15:32:30.055 ERROR 13328 --- [http-nio-8080-exec-2] o.h.engine.jdbc.spi.SqlExceptionHelper   : Unique index or primary key violation: "MYCONSTRAINT_INDEX_E ON PUBLIC.TOUR_RATING(TOUR_ID, CUSTOMER_ID) VALUES (1, 4, 1)"; SQL statement:
insert into tour_rating (id, comment, customer_id, score, tour_id) values (null, ?, ?, ?, ?) [23505-197]
2019-03-12 15:32:30.082 ERROR 13328 --- [http-nio-8080-exec-2] o.a.c.c.C.[.[.[/].[dispatcherServlet]    : Servlet.service() for servlet [dispatcherServlet] in context with path [] threw exception [Request processing failed; nested exception is org.springframework.dao.DataIntegrityViolationException: could not execute statement; SQL [n/a]; constraint ["MYCONSTRAINT_INDEX_E ON PUBLIC.TOUR_RATING(TOUR_ID, CUSTOMER_ID) VALUES (1, 4, 1)"; SQL statement:
insert into tour_rating (id, comment, customer_id, score, tour_id) values (null, ?, ?, ?, ?) [23505-197]]; nested exception is org.hibernate.exception.ConstraintViolationException: could not execute statement] with root cause

org.h2.jdbc.JdbcSQLException: Unique index or primary key violation: "MYCONSTRAINT_INDEX_E ON PUBLIC.TOUR_RATING(TOUR_ID, CUSTOMER_ID) VALUES (1, 4, 1)"; SQL statement:
insert into tour_rating (id, comment, customer_id, score, tour_id) values (null, ?, ?, ?, ?) [23505-197]
	at org.h2.message.DbException.getJdbcSQLException(DbException.java:357) ~[h2-1.4.197.jar:1.4.197]
	at org.h2.message.DbException.get(DbException.java:179) ~[h2-1.4.197.jar:1.4.197]
	at org.h2.message.DbException.get(DbException.java:155) ~[h2-1.4.197.jar:1.4.197]
	at org.h2.index.BaseIndex.getDuplicateKeyException(BaseIndex.java:101) ~[h2-1.4.197.jar:1.4.197]
	at org.h2.mvstore.db.MVSecondaryIndex.requireUnique(MVSecondaryIndex.java:236) ~[h2-1.4.197.jar:1.4.197]
	at org.h2.mvstore.db.MVSecondaryIndex.add(MVSecondaryIndex.java:202) ~[h2-1.4.197.jar:1.4.197]
	at org.h2.mvstore.db.MVTable.addRow(MVTable.java:732) ~[h2-1.4.197.jar:1.4.197]
	at org.h2.command.dml.Insert.insertRows(Insert.java:182) ~[h2-1.4.197.jar:1.4.197]
	at org.h2.command.dml.Insert.update(Insert.java:134) ~[h2-1.4.197.jar:1.4.197]
	at org.h2.command.CommandContainer.update(CommandContainer.java:102) ~[h2-1.4.197.jar:1.4.197]
	at org.h2.command.Command.executeUpdate(Command.java:261) ~[h2-1.4.197.jar:1.4.197]
	at org.h2.jdbc.JdbcPreparedStatement.executeUpdateInternal(JdbcPreparedStatement.java:199) ~[h2-1.4.197.jar:1.4.197]
	at org.h2.jdbc.JdbcPreparedStatement.executeUpdate(JdbcPreparedStatement.java:153) ~[h2-1.4.197.jar:1.4.197]
	at com.zaxxer.hikari.pool.ProxyPreparedStatement.executeUpdate(ProxyPreparedStatement.java:61) ~[HikariCP-3.2.0.jar:na]
	at com.zaxxer.hikari.pool.HikariProxyPreparedStatement.executeUpdate(HikariProxyPreparedStatement.java) ~[HikariCP-3.2.0.jar:na]
	at org.hibernate.engine.jdbc.internal.ResultSetReturnImpl.executeUpdate(ResultSetReturnImpl.java:175) ~[hibernate-core-5.3.7.Final.jar:5.3.7.Final]
	at org.hibernate.dialect.identity.GetGeneratedKeysDelegate.executeAndExtract(GetGeneratedKeysDelegate.java:57) ~[hibernate-core-5.3.7.Final.jar:5.3.7.Final]
	at org.hibernate.id.insert.AbstractReturningDelegate.performInsert(AbstractReturningDelegate.java:42) ~[hibernate-core-5.3.7.Final.jar:5.3.7.Final]
	at org.hibernate.persister.entity.AbstractEntityPersister.insert(AbstractEntityPersister.java:3072) ~[hibernate-core-5.3.7.Final.jar:5.3.7.Final]
	at org.hibernate.persister.entity.AbstractEntityPersister.insert(AbstractEntityPersister.java:3663) ~[hibernate-core-5.3.7.Final.jar:5.3.7.Final]
	at org.hibernate.action.internal.EntityIdentityInsertAction.execute(EntityIdentityInsertAction.java:81) ~[hibernate-core-5.3.7.Final.jar:5.3.7.Final]
	at org.hibernate.engine.spi.ActionQueue.execute(ActionQueue.java:645) ~[hibernate-core-5.3.7.Final.jar:5.3.7.Final]
	at org.hibernate.engine.spi.ActionQueue.addResolvedEntityInsertAction(ActionQueue.java:282) ~[hibernate-core-5.3.7.Final.jar:5.3.7.Final]
	at org.hibernate.engine.spi.ActionQueue.addInsertAction(ActionQueue.java:263) ~[hibernate-core-5.3.7.Final.jar:5.3.7.Final]
	at org.hibernate.engine.spi.ActionQueue.addAction(ActionQueue.java:317) ~[hibernate-core-5.3.7.Final.jar:5.3.7.Final]
	at org.hibernate.event.internal.AbstractSaveEventListener.addInsertAction(AbstractSaveEventListener.java:359) ~[hibernate-core-5.3.7.Final.jar:5.3.7.Final]
	at org.hibernate.event.internal.AbstractSaveEventListener.performSaveOrReplicate(AbstractSaveEventListener.java:292) ~[hibernate-core-5.3.7.Final.jar:5.3.7.Final]
	at org.hibernate.event.internal.AbstractSaveEventListener.performSave(AbstractSaveEventListener.java:200) ~[hibernate-core-5.3.7.Final.jar:5.3.7.Final]
	at org.hibernate.event.internal.AbstractSaveEventListener.saveWithGeneratedId(AbstractSaveEventListener.java:131) ~[hibernate-core-5.3.7.Final.jar:5.3.7.Final]
	at org.hibernate.event.internal.DefaultPersistEventListener.entityIsTransient(DefaultPersistEventListener.java:192) ~[hibernate-core-5.3.7.Final.jar:5.3.7.Final]
	at org.hibernate.event.internal.DefaultPersistEventListener.onPersist(DefaultPersistEventListener.java:135) ~[hibernate-core-5.3.7.Final.jar:5.3.7.Final]
	at org.hibernate.event.internal.DefaultPersistEventListener.onPersist(DefaultPersistEventListener.java:62) ~[hibernate-core-5.3.7.Final.jar:5.3.7.Final]
	at org.hibernate.internal.SessionImpl.firePersist(SessionImpl.java:800) ~[hibernate-core-5.3.7.Final.jar:5.3.7.Final]
	at org.hibernate.internal.SessionImpl.persist(SessionImpl.java:785) ~[hibernate-core-5.3.7.Final.jar:5.3.7.Final]
	at java.base/jdk.internal.reflect.NativeMethodAccessorImpl.invoke0(Native Method) ~[na:na]
	at java.base/jdk.internal.reflect.NativeMethodAccessorImpl.invoke(NativeMethodAccessorImpl.java:62) ~[na:na]
	at java.base/jdk.internal.reflect.DelegatingMethodAccessorImpl.invoke(DelegatingMethodAccessorImpl.java:43) ~[na:na]
	at java.base/java.lang.reflect.Method.invoke(Method.java:566) ~[na:na]
	at org.springframework.orm.jpa.ExtendedEntityManagerCreator$ExtendedEntityManagerInvocationHandler.invoke(ExtendedEntityManagerCreator.java:350) ~[spring-orm-5.1.5.RELEASE.jar:5.1.5.RELEASE]
	at com.sun.proxy.$Proxy98.persist(Unknown Source) ~[na:na]
	at java.base/jdk.internal.reflect.NativeMethodAccessorImpl.invoke0(Native Method) ~[na:na]
	at java.base/jdk.internal.reflect.NativeMethodAccessorImpl.invoke(NativeMethodAccessorImpl.java:62) ~[na:na]
	at java.base/jdk.internal.reflect.DelegatingMethodAccessorImpl.invoke(DelegatingMethodAccessorImpl.java:43) ~[na:na]
	at java.base/java.lang.reflect.Method.invoke(Method.java:566) ~[na:na]
	at org.springframework.orm.jpa.SharedEntityManagerCreator$SharedEntityManagerInvocationHandler.invoke(SharedEntityManagerCreator.java:308) ~[spring-orm-5.1.5.RELEASE.jar:5.1.5.RELEASE]
	at com.sun.proxy.$Proxy98.persist(Unknown Source) ~[na:na]
	at org.springframework.data.jpa.repository.support.SimpleJpaRepository.save(SimpleJpaRepository.java:489) ~[spring-data-jpa-2.1.5.RELEASE.jar:2.1.5.RELEASE]
	at java.base/jdk.internal.reflect.NativeMethodAccessorImpl.invoke0(Native Method) ~[na:na]
	at java.base/jdk.internal.reflect.NativeMethodAccessorImpl.invoke(NativeMethodAccessorImpl.java:62) ~[na:na]
	at java.base/jdk.internal.reflect.DelegatingMethodAccessorImpl.invoke(DelegatingMethodAccessorImpl.java:43) ~[na:na]
	at java.base/java.lang.reflect.Method.invoke(Method.java:566) ~[na:na]
	at org.springframework.data.repository.core.support.RepositoryComposition$RepositoryFragments.invoke(RepositoryComposition.java:359) ~[spring-data-commons-2.1.5.RELEASE.jar:2.1.5.RELEASE]
	at org.springframework.data.repository.core.support.RepositoryComposition.invoke(RepositoryComposition.java:200) ~[spring-data-commons-2.1.5.RELEASE.jar:2.1.5.RELEASE]
	at org.springframework.data.repository.core.support.RepositoryFactorySupport$ImplementationMethodExecutionInterceptor.invoke(RepositoryFactorySupport.java:644) ~[spring-data-commons-2.1.5.RELEASE.jar:2.1.5.RELEASE]
	at org.springframework.aop.framework.ReflectiveMethodInvocation.proceed(ReflectiveMethodInvocation.java:186) ~[spring-aop-5.1.5.RELEASE.jar:5.1.5.RELEASE]
	at org.springframework.data.repository.core.support.RepositoryFactorySupport$QueryExecutorMethodInterceptor.doInvoke(RepositoryFactorySupport.java:608) ~[spring-data-commons-2.1.5.RELEASE.jar:2.1.5.RELEASE]
	at org.springframework.data.repository.core.support.RepositoryFactorySupport$QueryExecutorMethodInterceptor.lambda$invoke$3(RepositoryFactorySupport.java:595) ~[spring-data-commons-2.1.5.RELEASE.jar:2.1.5.RELEASE]
	at org.springframework.data.repository.core.support.RepositoryFactorySupport$QueryExecutorMethodInterceptor.invoke(RepositoryFactorySupport.java:595) ~[spring-data-commons-2.1.5.RELEASE.jar:2.1.5.RELEASE]
	at org.springframework.aop.framework.ReflectiveMethodInvocation.proceed(ReflectiveMethodInvocation.java:186) ~[spring-aop-5.1.5.RELEASE.jar:5.1.5.RELEASE]
	at org.springframework.data.projection.DefaultMethodInvokingMethodInterceptor.invoke(DefaultMethodInvokingMethodInterceptor.java:59) ~[spring-data-commons-2.1.5.RELEASE.jar:2.1.5.RELEASE]
	at org.springframework.aop.framework.ReflectiveMethodInvocation.proceed(ReflectiveMethodInvocation.java:186) ~[spring-aop-5.1.5.RELEASE.jar:5.1.5.RELEASE]
	at org.springframework.transaction.interceptor.TransactionAspectSupport.invokeWithinTransaction(TransactionAspectSupport.java:294) ~[spring-tx-5.1.5.RELEASE.jar:5.1.5.RELEASE]
	at org.springframework.transaction.interceptor.TransactionInterceptor.invoke(TransactionInterceptor.java:98) ~[spring-tx-5.1.5.RELEASE.jar:5.1.5.RELEASE]
	at org.springframework.aop.framework.ReflectiveMethodInvocation.proceed(ReflectiveMethodInvocation.java:186) ~[spring-aop-5.1.5.RELEASE.jar:5.1.5.RELEASE]
	at org.springframework.dao.support.PersistenceExceptionTranslationInterceptor.invoke(PersistenceExceptionTranslationInterceptor.java:139) ~[spring-tx-5.1.5.RELEASE.jar:5.1.5.RELEASE]
	at org.springframework.aop.framework.ReflectiveMethodInvocation.proceed(ReflectiveMethodInvocation.java:186) ~[spring-aop-5.1.5.RELEASE.jar:5.1.5.RELEASE]
	at org.springframework.data.jpa.repository.support.CrudMethodMetadataPostProcessor$CrudMethodMetadataPopulatingMethodInterceptor.invoke(CrudMethodMetadataPostProcessor.java:135) ~[spring-data-jpa-2.1.5.RELEASE.jar:2.1.5.RELEASE]
	at org.springframework.aop.framework.ReflectiveMethodInvocation.proceed(ReflectiveMethodInvocation.java:186) ~[spring-aop-5.1.5.RELEASE.jar:5.1.5.RELEASE]
	at org.springframework.aop.interceptor.ExposeInvocationInterceptor.invoke(ExposeInvocationInterceptor.java:93) ~[spring-aop-5.1.5.RELEASE.jar:5.1.5.RELEASE]
	at org.springframework.aop.framework.ReflectiveMethodInvocation.proceed(ReflectiveMethodInvocation.java:186) ~[spring-aop-5.1.5.RELEASE.jar:5.1.5.RELEASE]
	at org.springframework.data.repository.core.support.SurroundingTransactionDetectorMethodInterceptor.invoke(SurroundingTransactionDetectorMethodInterceptor.java:61) ~[spring-data-commons-2.1.5.RELEASE.jar:2.1.5.RELEASE]
	at org.springframework.aop.framework.ReflectiveMethodInvocation.proceed(ReflectiveMethodInvocation.java:186) ~[spring-aop-5.1.5.RELEASE.jar:5.1.5.RELEASE]
	at org.springframework.aop.framework.JdkDynamicAopProxy.invoke(JdkDynamicAopProxy.java:212) ~[spring-aop-5.1.5.RELEASE.jar:5.1.5.RELEASE]
	at com.sun.proxy.$Proxy106.save(Unknown Source) ~[na:na]
	at com.example.ec.service.TourRatingService.rateMany(TourRatingService.java:167) ~[classes/:na]
	at com.example.ec.service.TourRatingService$$FastClassBySpringCGLIB$$89c5b8c8.invoke(<generated>) ~[classes/:na]
	at org.springframework.cglib.proxy.MethodProxy.invoke(MethodProxy.java:218) ~[spring-core-5.1.5.RELEASE.jar:5.1.5.RELEASE]
	at org.springframework.aop.framework.CglibAopProxy$CglibMethodInvocation.invokeJoinpoint(CglibAopProxy.java:749) ~[spring-aop-5.1.5.RELEASE.jar:5.1.5.RELEASE]
	at org.springframework.aop.framework.ReflectiveMethodInvocation.proceed(ReflectiveMethodInvocation.java:163) ~[spring-aop-5.1.5.RELEASE.jar:5.1.5.RELEASE]
	at org.springframework.transaction.interceptor.TransactionAspectSupport.invokeWithinTransaction(TransactionAspectSupport.java:294) ~[spring-tx-5.1.5.RELEASE.jar:5.1.5.RELEASE]
	at org.springframework.transaction.interceptor.TransactionInterceptor.invoke(TransactionInterceptor.java:98) ~[spring-tx-5.1.5.RELEASE.jar:5.1.5.RELEASE]
	at org.springframework.aop.framework.ReflectiveMethodInvocation.proceed(ReflectiveMethodInvocation.java:186) ~[spring-aop-5.1.5.RELEASE.jar:5.1.5.RELEASE]
	at org.springframework.aop.framework.CglibAopProxy$DynamicAdvisedInterceptor.intercept(CglibAopProxy.java:688) ~[spring-aop-5.1.5.RELEASE.jar:5.1.5.RELEASE]
	at com.example.ec.service.TourRatingService$$EnhancerBySpringCGLIB$$bda9a0a.rateMany(<generated>) ~[classes/:na]
	at com.example.ec.web.TourRatingController.createManyTourRatings(TourRatingController.java:64) ~[classes/:na]
	at java.base/jdk.internal.reflect.NativeMethodAccessorImpl.invoke0(Native Method) ~[na:na]
	at java.base/jdk.internal.reflect.NativeMethodAccessorImpl.invoke(NativeMethodAccessorImpl.java:62) ~[na:na]
	at java.base/jdk.internal.reflect.DelegatingMethodAccessorImpl.invoke(DelegatingMethodAccessorImpl.java:43) ~[na:na]
	at java.base/java.lang.reflect.Method.invoke(Method.java:566) ~[na:na]
	at org.springframework.web.method.support.InvocableHandlerMethod.doInvoke(InvocableHandlerMethod.java:189) ~[spring-web-5.1.5.RELEASE.jar:5.1.5.RELEASE]
	at org.springframework.web.method.support.InvocableHandlerMethod.invokeForRequest(InvocableHandlerMethod.java:138) ~[spring-web-5.1.5.RELEASE.jar:5.1.5.RELEASE]
	at org.springframework.web.servlet.mvc.method.annotation.ServletInvocableHandlerMethod.invokeAndHandle(ServletInvocableHandlerMethod.java:102) ~[spring-webmvc-5.1.5.RELEASE.jar:5.1.5.RELEASE]
	at org.springframework.web.servlet.mvc.method.annotation.RequestMappingHandlerAdapter.invokeHandlerMethod(RequestMappingHandlerAdapter.java:895) ~[spring-webmvc-5.1.5.RELEASE.jar:5.1.5.RELEASE]
	at org.springframework.web.servlet.mvc.method.annotation.RequestMappingHandlerAdapter.handleInternal(RequestMappingHandlerAdapter.java:800) ~[spring-webmvc-5.1.5.RELEASE.jar:5.1.5.RELEASE]
	at org.springframework.web.servlet.mvc.method.AbstractHandlerMethodAdapter.handle(AbstractHandlerMethodAdapter.java:87) ~[spring-webmvc-5.1.5.RELEASE.jar:5.1.5.RELEASE]
	at org.springframework.web.servlet.DispatcherServlet.doDispatch(DispatcherServlet.java:1038) ~[spring-webmvc-5.1.5.RELEASE.jar:5.1.5.RELEASE]
	at org.springframework.web.servlet.DispatcherServlet.doService(DispatcherServlet.java:942) ~[spring-webmvc-5.1.5.RELEASE.jar:5.1.5.RELEASE]
	at org.springframework.web.servlet.FrameworkServlet.processRequest(FrameworkServlet.java:1005) ~[spring-webmvc-5.1.5.RELEASE.jar:5.1.5.RELEASE]
	at org.springframework.web.servlet.FrameworkServlet.doPost(FrameworkServlet.java:908) ~[spring-webmvc-5.1.5.RELEASE.jar:5.1.5.RELEASE]
	at javax.servlet.http.HttpServlet.service(HttpServlet.java:660) ~[tomcat-embed-core-9.0.16.jar:9.0.16]
	at org.springframework.web.servlet.FrameworkServlet.service(FrameworkServlet.java:882) ~[spring-webmvc-5.1.5.RELEASE.jar:5.1.5.RELEASE]
	at javax.servlet.http.HttpServlet.service(HttpServlet.java:741) ~[tomcat-embed-core-9.0.16.jar:9.0.16]
	at org.apache.catalina.core.ApplicationFilterChain.internalDoFilter(ApplicationFilterChain.java:231) ~[tomcat-embed-core-9.0.16.jar:9.0.16]
	at org.apache.catalina.core.ApplicationFilterChain.doFilter(ApplicationFilterChain.java:166) ~[tomcat-embed-core-9.0.16.jar:9.0.16]
	at org.apache.tomcat.websocket.server.WsFilter.doFilter(WsFilter.java:53) ~[tomcat-embed-websocket-9.0.16.jar:9.0.16]
	at org.apache.catalina.core.ApplicationFilterChain.internalDoFilter(ApplicationFilterChain.java:193) ~[tomcat-embed-core-9.0.16.jar:9.0.16]
	at org.apache.catalina.core.ApplicationFilterChain.doFilter(ApplicationFilterChain.java:166) ~[tomcat-embed-core-9.0.16.jar:9.0.16]
	at org.springframework.web.filter.RequestContextFilter.doFilterInternal(RequestContextFilter.java:99) ~[spring-web-5.1.5.RELEASE.jar:5.1.5.RELEASE]
	at org.springframework.web.filter.OncePerRequestFilter.doFilter(OncePerRequestFilter.java:107) ~[spring-web-5.1.5.RELEASE.jar:5.1.5.RELEASE]
	at org.apache.catalina.core.ApplicationFilterChain.internalDoFilter(ApplicationFilterChain.java:193) ~[tomcat-embed-core-9.0.16.jar:9.0.16]
	at org.apache.catalina.core.ApplicationFilterChain.doFilter(ApplicationFilterChain.java:166) ~[tomcat-embed-core-9.0.16.jar:9.0.16]
	at org.springframework.web.filter.FormContentFilter.doFilterInternal(FormContentFilter.java:92) ~[spring-web-5.1.5.RELEASE.jar:5.1.5.RELEASE]
	at org.springframework.web.filter.OncePerRequestFilter.doFilter(OncePerRequestFilter.java:107) ~[spring-web-5.1.5.RELEASE.jar:5.1.5.RELEASE]
	at org.apache.catalina.core.ApplicationFilterChain.internalDoFilter(ApplicationFilterChain.java:193) ~[tomcat-embed-core-9.0.16.jar:9.0.16]
	at org.apache.catalina.core.ApplicationFilterChain.doFilter(ApplicationFilterChain.java:166) ~[tomcat-embed-core-9.0.16.jar:9.0.16]
	at org.springframework.web.filter.HiddenHttpMethodFilter.doFilterInternal(HiddenHttpMethodFilter.java:93) ~[spring-web-5.1.5.RELEASE.jar:5.1.5.RELEASE]
	at org.springframework.web.filter.OncePerRequestFilter.doFilter(OncePerRequestFilter.java:107) ~[spring-web-5.1.5.RELEASE.jar:5.1.5.RELEASE]
	at org.apache.catalina.core.ApplicationFilterChain.internalDoFilter(ApplicationFilterChain.java:193) ~[tomcat-embed-core-9.0.16.jar:9.0.16]
	at org.apache.catalina.core.ApplicationFilterChain.doFilter(ApplicationFilterChain.java:166) ~[tomcat-embed-core-9.0.16.jar:9.0.16]
	at org.springframework.web.filter.CharacterEncodingFilter.doFilterInternal(CharacterEncodingFilter.java:200) ~[spring-web-5.1.5.RELEASE.jar:5.1.5.RELEASE]
	at org.springframework.web.filter.OncePerRequestFilter.doFilter(OncePerRequestFilter.java:107) ~[spring-web-5.1.5.RELEASE.jar:5.1.5.RELEASE]
	at org.apache.catalina.core.ApplicationFilterChain.internalDoFilter(ApplicationFilterChain.java:193) ~[tomcat-embed-core-9.0.16.jar:9.0.16]
	at org.apache.catalina.core.ApplicationFilterChain.doFilter(ApplicationFilterChain.java:166) ~[tomcat-embed-core-9.0.16.jar:9.0.16]
	at org.apache.catalina.core.StandardWrapperValve.invoke(StandardWrapperValve.java:200) ~[tomcat-embed-core-9.0.16.jar:9.0.16]
	at org.apache.catalina.core.StandardContextValve.invoke(StandardContextValve.java:96) ~[tomcat-embed-core-9.0.16.jar:9.0.16]
	at org.apache.catalina.authenticator.AuthenticatorBase.invoke(AuthenticatorBase.java:490) ~[tomcat-embed-core-9.0.16.jar:9.0.16]
	at org.apache.catalina.core.StandardHostValve.invoke(StandardHostValve.java:139) ~[tomcat-embed-core-9.0.16.jar:9.0.16]
	at org.apache.catalina.valves.ErrorReportValve.invoke(ErrorReportValve.java:92) ~[tomcat-embed-core-9.0.16.jar:9.0.16]
	at org.apache.catalina.core.StandardEngineValve.invoke(StandardEngineValve.java:74) ~[tomcat-embed-core-9.0.16.jar:9.0.16]
	at org.apache.catalina.connector.CoyoteAdapter.service(CoyoteAdapter.java:343) ~[tomcat-embed-core-9.0.16.jar:9.0.16]
	at org.apache.coyote.http11.Http11Processor.service(Http11Processor.java:408) ~[tomcat-embed-core-9.0.16.jar:9.0.16]
	at org.apache.coyote.AbstractProcessorLight.process(AbstractProcessorLight.java:66) ~[tomcat-embed-core-9.0.16.jar:9.0.16]
	at org.apache.coyote.AbstractProtocol$ConnectionHandler.process(AbstractProtocol.java:834) ~[tomcat-embed-core-9.0.16.jar:9.0.16]
	at org.apache.tomcat.util.net.NioEndpoint$SocketProcessor.doRun(NioEndpoint.java:1415) ~[tomcat-embed-core-9.0.16.jar:9.0.16]
	at org.apache.tomcat.util.net.SocketProcessorBase.run(SocketProcessorBase.java:49) ~[tomcat-embed-core-9.0.16.jar:9.0.16]
	at java.base/java.util.concurrent.ThreadPoolExecutor.runWorker(ThreadPoolExecutor.java:1128) ~[na:na]
	at java.base/java.util.concurrent.ThreadPoolExecutor$Worker.run(ThreadPoolExecutor.java:628) ~[na:na]
	at org.apache.tomcat.util.threads.TaskThread$WrappingRunnable.run(TaskThread.java:61) ~[tomcat-embed-core-9.0.16.jar:9.0.16]
	at java.base/java.lang.Thread.run(Thread.java:834) ~[na:na]

2019-03-12 15:59:14.752  INFO 3984 --- [main] ExploreCaliforniaMicroserviceApplication : Starting ExploreCaliforniaMicroserviceApplication on WKWIN3253567 with PID 3984 (C:\Users\pragupta14\IdeaProjects\explorecali\target\classes started by pragupta14 in C:\Users\pragupta14\IdeaProjects\explorecali)
2019-03-12 15:59:14.755 DEBUG 3984 --- [main] ExploreCaliforniaMicroserviceApplication : Running with Spring Boot v2.1.3.RELEASE, Spring v5.1.5.RELEASE
2019-03-12 15:59:14.758  INFO 3984 --- [main] ExploreCaliforniaMicroserviceApplication : No active profile set, falling back to default profiles: default
2019-03-12 15:59:16.271  INFO 3984 --- [main] .s.d.r.c.RepositoryConfigurationDelegate : Bootstrapping Spring Data repositories in DEFAULT mode.
2019-03-12 15:59:16.351  INFO 3984 --- [main] .s.d.r.c.RepositoryConfigurationDelegate : Finished Spring Data repository scanning in 74ms. Found 3 repository interfaces.
2019-03-12 15:59:16.916  INFO 3984 --- [main] trationDelegate$BeanPostProcessorChecker : Bean 'org.springframework.transaction.annotation.ProxyTransactionManagementConfiguration' of type [org.springframework.transaction.annotation.ProxyTransactionManagementConfiguration$$EnhancerBySpringCGLIB$$b0a3512f] is not eligible for getting processed by all BeanPostProcessors (for example: not eligible for auto-proxying)
2019-03-12 15:59:16.979  INFO 3984 --- [main] trationDelegate$BeanPostProcessorChecker : Bean 'org.springframework.hateoas.config.HateoasConfiguration' of type [org.springframework.hateoas.config.HateoasConfiguration$$EnhancerBySpringCGLIB$$30239e61] is not eligible for getting processed by all BeanPostProcessors (for example: not eligible for auto-proxying)
2019-03-12 15:59:17.456  INFO 3984 --- [main] o.s.b.w.embedded.tomcat.TomcatWebServer  : Tomcat initialized with port(s): 8080 (http)
2019-03-12 15:59:17.485  INFO 3984 --- [main] o.apache.catalina.core.StandardService   : Starting service [Tomcat]
2019-03-12 15:59:17.486  INFO 3984 --- [main] org.apache.catalina.core.StandardEngine  : Starting Servlet engine: [Apache Tomcat/9.0.16]
2019-03-12 15:59:17.492  INFO 3984 --- [main] o.a.catalina.core.AprLifecycleListener   : The APR based Apache Tomcat Native library which allows optimal performance in production environments was not found on the java.library.path: [C:\Program Files\Java\jdk-11.0.1\bin;C:\WINDOWS\Sun\Java\bin;C:\WINDOWS\system32;C:\WINDOWS;C:\Program Files\Java\jdk-11.0.1\bin;C:\Program Files (x86)\Common Files\Oracle\Java\javapath;C:\WINDOWS\system32;C:\WINDOWS;C:\WINDOWS\System32\Wbem;C:\WINDOWS\System32\WindowsPowerShell\v1.0\;C:\WINDOWS\System32\OpenSSH\;C:\Program Files (x86)\Box\Box Edit\;C:\Program Files (x86)\sbt\bin;C:\Program Files\Git\cmd;C:\Program Files\nodejs\;C:\Python27;C:\Python27\Scripts;C:\Users\pragupta14\AppData\Roaming\npm;.]
2019-03-12 15:59:17.669  INFO 3984 --- [main] o.a.c.c.C.[Tomcat].[localhost].[/]       : Initializing Spring embedded WebApplicationContext
2019-03-12 15:59:17.669  INFO 3984 --- [main] o.s.web.context.ContextLoader            : Root WebApplicationContext: initialization completed in 2852 ms
2019-03-12 15:59:17.868  INFO 3984 --- [main] com.zaxxer.hikari.HikariDataSource       : HikariPool-1 - Starting...
2019-03-12 15:59:17.940  INFO 3984 --- [main] com.zaxxer.hikari.HikariDataSource       : HikariPool-1 - Start completed.
2019-03-12 15:59:18.254  INFO 3984 --- [main] o.hibernate.jpa.internal.util.LogHelper  : HHH000204: Processing PersistenceUnitInfo [
	name: default
	...]
2019-03-12 15:59:18.321  INFO 3984 --- [main] org.hibernate.Version                    : HHH000412: Hibernate Core {5.3.7.Final}
2019-03-12 15:59:18.324  INFO 3984 --- [main] org.hibernate.cfg.Environment            : HHH000206: hibernate.properties not found
2019-03-12 15:59:18.439  INFO 3984 --- [main] o.hibernate.annotations.common.Version   : HCANN000001: Hibernate Commons Annotations {5.0.4.Final}
2019-03-12 15:59:18.560  INFO 3984 --- [main] org.hibernate.dialect.Dialect            : HHH000400: Using dialect: org.hibernate.dialect.H2Dialect
2019-03-12 15:59:19.191  INFO 3984 --- [main] j.LocalContainerEntityManagerFactoryBean : Initialized JPA EntityManagerFactory for persistence unit 'default'
2019-03-12 15:59:20.067  WARN 3984 --- [main] aWebConfiguration$JpaWebMvcConfiguration : spring.jpa.open-in-view is enabled by default. Therefore, database queries may be performed during view rendering. Explicitly configure spring.jpa.open-in-view to disable this warning
2019-03-12 15:59:20.412  INFO 3984 --- [main] pertySourcedRequestMappingHandlerMapping : Mapped URL path [/v2/api-docs] onto method [public org.springframework.http.ResponseEntity<springfox.documentation.spring.web.json.Json> springfox.documentation.swagger2.web.Swagger2Controller.getDocumentation(java.lang.String,javax.servlet.http.HttpServletRequest)]
2019-03-12 15:59:20.622  INFO 3984 --- [main] o.s.s.concurrent.ThreadPoolTaskExecutor  : Initializing ExecutorService 'applicationTaskExecutor'
2019-03-12 15:59:21.082  INFO 3984 --- [main] d.s.w.p.DocumentationPluginsBootstrapper : Context refreshed
2019-03-12 15:59:21.106  INFO 3984 --- [main] d.s.w.p.DocumentationPluginsBootstrapper : Found 1 custom documentation plugin(s)
2019-03-12 15:59:21.139  INFO 3984 --- [main] s.d.s.w.s.ApiListingReferenceScanner     : Scanning for api listing references
2019-03-12 15:59:21.431  INFO 3984 --- [main] o.s.b.w.embedded.tomcat.TomcatWebServer  : Tomcat started on port(s): 8080 (http) with context path ''
2019-03-12 15:59:21.443  INFO 3984 --- [main] ExploreCaliforniaMicroserviceApplication : Started ExploreCaliforniaMicroserviceApplication in 7.219 seconds (JVM running for 9.753)
2019-03-12 15:59:45.366  INFO 3984 --- [http-nio-8080-exec-1] o.a.c.c.C.[Tomcat].[localhost].[/]       : Initializing Spring DispatcherServlet 'dispatcherServlet'
2019-03-12 15:59:45.367  INFO 3984 --- [http-nio-8080-exec-1] o.s.web.servlet.DispatcherServlet        : Initializing Servlet 'dispatcherServlet'
2019-03-12 15:59:45.395  INFO 3984 --- [http-nio-8080-exec-1] o.s.web.servlet.DispatcherServlet        : Completed initialization in 28 ms
2019-03-12 16:03:09.772  INFO 4904 --- [main] ExploreCaliforniaMicroserviceApplication : Starting ExploreCaliforniaMicroserviceApplication on WKWIN3253567 with PID 4904 (C:\Users\pragupta14\IdeaProjects\explorecali\target\classes started by pragupta14 in C:\Users\pragupta14\IdeaProjects\explorecali)
2019-03-12 16:03:09.775 DEBUG 4904 --- [main] ExploreCaliforniaMicroserviceApplication : Running with Spring Boot v2.1.3.RELEASE, Spring v5.1.5.RELEASE
2019-03-12 16:03:09.776  INFO 4904 --- [main] ExploreCaliforniaMicroserviceApplication : No active profile set, falling back to default profiles: default
2019-03-12 16:03:11.780  INFO 4904 --- [main] .s.d.r.c.RepositoryConfigurationDelegate : Bootstrapping Spring Data repositories in DEFAULT mode.
2019-03-12 16:03:11.864  INFO 4904 --- [main] .s.d.r.c.RepositoryConfigurationDelegate : Finished Spring Data repository scanning in 76ms. Found 3 repository interfaces.
2019-03-12 16:03:12.342  INFO 4904 --- [main] trationDelegate$BeanPostProcessorChecker : Bean 'org.springframework.transaction.annotation.ProxyTransactionManagementConfiguration' of type [org.springframework.transaction.annotation.ProxyTransactionManagementConfiguration$$EnhancerBySpringCGLIB$$e601f2c1] is not eligible for getting processed by all BeanPostProcessors (for example: not eligible for auto-proxying)
2019-03-12 16:03:12.371  INFO 4904 --- [main] trationDelegate$BeanPostProcessorChecker : Bean 'org.springframework.hateoas.config.HateoasConfiguration' of type [org.springframework.hateoas.config.HateoasConfiguration$$EnhancerBySpringCGLIB$$65823ff3] is not eligible for getting processed by all BeanPostProcessors (for example: not eligible for auto-proxying)
2019-03-12 16:03:12.884  INFO 4904 --- [main] o.s.b.w.embedded.tomcat.TomcatWebServer  : Tomcat initialized with port(s): 8080 (http)
2019-03-12 16:03:12.914  INFO 4904 --- [main] o.apache.catalina.core.StandardService   : Starting service [Tomcat]
2019-03-12 16:03:12.915  INFO 4904 --- [main] org.apache.catalina.core.StandardEngine  : Starting Servlet engine: [Apache Tomcat/9.0.16]
2019-03-12 16:03:12.923  INFO 4904 --- [main] o.a.catalina.core.AprLifecycleListener   : The APR based Apache Tomcat Native library which allows optimal performance in production environments was not found on the java.library.path: [C:\Program Files\Java\jdk-11.0.1\bin;C:\WINDOWS\Sun\Java\bin;C:\WINDOWS\system32;C:\WINDOWS;C:\Program Files\Java\jdk-11.0.1\bin;C:\Program Files (x86)\Common Files\Oracle\Java\javapath;C:\WINDOWS\system32;C:\WINDOWS;C:\WINDOWS\System32\Wbem;C:\WINDOWS\System32\WindowsPowerShell\v1.0\;C:\WINDOWS\System32\OpenSSH\;C:\Program Files (x86)\Box\Box Edit\;C:\Program Files (x86)\sbt\bin;C:\Program Files\Git\cmd;C:\Program Files\nodejs\;C:\Python27;C:\Python27\Scripts;C:\Users\pragupta14\AppData\Roaming\npm;.]
2019-03-12 16:03:13.107  INFO 4904 --- [main] o.a.c.c.C.[Tomcat].[localhost].[/]       : Initializing Spring embedded WebApplicationContext
2019-03-12 16:03:13.107  INFO 4904 --- [main] o.s.web.context.ContextLoader            : Root WebApplicationContext: initialization completed in 3264 ms
2019-03-12 16:03:13.321  INFO 4904 --- [main] com.zaxxer.hikari.HikariDataSource       : HikariPool-1 - Starting...
2019-03-12 16:03:13.418  INFO 4904 --- [main] com.zaxxer.hikari.HikariDataSource       : HikariPool-1 - Start completed.
2019-03-12 16:03:13.757  INFO 4904 --- [main] o.hibernate.jpa.internal.util.LogHelper  : HHH000204: Processing PersistenceUnitInfo [
	name: default
	...]
2019-03-12 16:03:13.840  INFO 4904 --- [main] org.hibernate.Version                    : HHH000412: Hibernate Core {5.3.7.Final}
2019-03-12 16:03:13.842  INFO 4904 --- [main] org.hibernate.cfg.Environment            : HHH000206: hibernate.properties not found
2019-03-12 16:03:13.977  INFO 4904 --- [main] o.hibernate.annotations.common.Version   : HCANN000001: Hibernate Commons Annotations {5.0.4.Final}
2019-03-12 16:03:14.148  INFO 4904 --- [main] org.hibernate.dialect.Dialect            : HHH000400: Using dialect: org.hibernate.dialect.H2Dialect
2019-03-12 16:03:14.918  INFO 4904 --- [main] j.LocalContainerEntityManagerFactoryBean : Initialized JPA EntityManagerFactory for persistence unit 'default'
2019-03-12 16:03:15.990  WARN 4904 --- [main] aWebConfiguration$JpaWebMvcConfiguration : spring.jpa.open-in-view is enabled by default. Therefore, database queries may be performed during view rendering. Explicitly configure spring.jpa.open-in-view to disable this warning
2019-03-12 16:03:16.462  INFO 4904 --- [main] pertySourcedRequestMappingHandlerMapping : Mapped URL path [/v2/api-docs] onto method [public org.springframework.http.ResponseEntity<springfox.documentation.spring.web.json.Json> springfox.documentation.swagger2.web.Swagger2Controller.getDocumentation(java.lang.String,javax.servlet.http.HttpServletRequest)]
2019-03-12 16:03:16.759  INFO 4904 --- [main] o.s.s.concurrent.ThreadPoolTaskExecutor  : Initializing ExecutorService 'applicationTaskExecutor'
2019-03-12 16:03:17.259  INFO 4904 --- [main] d.s.w.p.DocumentationPluginsBootstrapper : Context refreshed
2019-03-12 16:03:17.277  INFO 4904 --- [main] d.s.w.p.DocumentationPluginsBootstrapper : Found 1 custom documentation plugin(s)
2019-03-12 16:03:17.329  INFO 4904 --- [main] s.d.s.w.s.ApiListingReferenceScanner     : Scanning for api listing references
2019-03-12 16:03:17.580  INFO 4904 --- [main] o.s.b.w.embedded.tomcat.TomcatWebServer  : Tomcat started on port(s): 8080 (http) with context path ''
2019-03-12 16:03:17.586  INFO 4904 --- [main] ExploreCaliforniaMicroserviceApplication : Started ExploreCaliforniaMicroserviceApplication in 8.338 seconds (JVM running for 9.983)
2019-03-12 16:03:56.798  INFO 4904 --- [http-nio-8080-exec-1] o.a.c.c.C.[Tomcat].[localhost].[/]       : Initializing Spring DispatcherServlet 'dispatcherServlet'
2019-03-12 16:03:56.799  INFO 4904 --- [http-nio-8080-exec-1] o.s.web.servlet.DispatcherServlet        : Initializing Servlet 'dispatcherServlet'
2019-03-12 16:03:56.829  INFO 4904 --- [http-nio-8080-exec-1] o.s.web.servlet.DispatcherServlet        : Completed initialization in 30 ms
2019-03-12 16:06:40.372  INFO 10256 --- [main] ExploreCaliforniaMicroserviceApplication : Starting ExploreCaliforniaMicroserviceApplication on WKWIN3253567 with PID 10256 (C:\Users\pragupta14\IdeaProjects\explorecali\target\classes started by pragupta14 in C:\Users\pragupta14\IdeaProjects\explorecali)
2019-03-12 16:06:40.375 DEBUG 10256 --- [main] ExploreCaliforniaMicroserviceApplication : Running with Spring Boot v2.1.3.RELEASE, Spring v5.1.5.RELEASE
2019-03-12 16:06:40.378  INFO 10256 --- [main] ExploreCaliforniaMicroserviceApplication : No active profile set, falling back to default profiles: default
2019-03-12 16:06:42.701  INFO 10256 --- [main] .s.d.r.c.RepositoryConfigurationDelegate : Bootstrapping Spring Data repositories in DEFAULT mode.
2019-03-12 16:06:42.780  INFO 10256 --- [main] .s.d.r.c.RepositoryConfigurationDelegate : Finished Spring Data repository scanning in 71ms. Found 3 repository interfaces.
2019-03-12 16:06:43.321  INFO 10256 --- [main] trationDelegate$BeanPostProcessorChecker : Bean 'org.springframework.transaction.annotation.ProxyTransactionManagementConfiguration' of type [org.springframework.transaction.annotation.ProxyTransactionManagementConfiguration$$EnhancerBySpringCGLIB$$41e96b75] is not eligible for getting processed by all BeanPostProcessors (for example: not eligible for auto-proxying)
2019-03-12 16:06:43.360  INFO 10256 --- [main] trationDelegate$BeanPostProcessorChecker : Bean 'org.springframework.hateoas.config.HateoasConfiguration' of type [org.springframework.hateoas.config.HateoasConfiguration$$EnhancerBySpringCGLIB$$c169b8a7] is not eligible for getting processed by all BeanPostProcessors (for example: not eligible for auto-proxying)
2019-03-12 16:06:43.902  INFO 10256 --- [main] o.s.b.w.embedded.tomcat.TomcatWebServer  : Tomcat initialized with port(s): 8080 (http)
2019-03-12 16:06:43.932  INFO 10256 --- [main] o.apache.catalina.core.StandardService   : Starting service [Tomcat]
2019-03-12 16:06:43.933  INFO 10256 --- [main] org.apache.catalina.core.StandardEngine  : Starting Servlet engine: [Apache Tomcat/9.0.16]
2019-03-12 16:06:43.940  INFO 10256 --- [main] o.a.catalina.core.AprLifecycleListener   : The APR based Apache Tomcat Native library which allows optimal performance in production environments was not found on the java.library.path: [C:\Program Files\Java\jdk-11.0.1\bin;C:\WINDOWS\Sun\Java\bin;C:\WINDOWS\system32;C:\WINDOWS;C:\Program Files\Java\jdk-11.0.1\bin;C:\Program Files (x86)\Common Files\Oracle\Java\javapath;C:\WINDOWS\system32;C:\WINDOWS;C:\WINDOWS\System32\Wbem;C:\WINDOWS\System32\WindowsPowerShell\v1.0\;C:\WINDOWS\System32\OpenSSH\;C:\Program Files (x86)\Box\Box Edit\;C:\Program Files (x86)\sbt\bin;C:\Program Files\Git\cmd;C:\Program Files\nodejs\;C:\Python27;C:\Python27\Scripts;C:\Users\pragupta14\AppData\Roaming\npm;.]
2019-03-12 16:06:44.084  INFO 10256 --- [main] o.a.c.c.C.[Tomcat].[localhost].[/]       : Initializing Spring embedded WebApplicationContext
2019-03-12 16:06:44.084  INFO 10256 --- [main] o.s.web.context.ContextLoader            : Root WebApplicationContext: initialization completed in 3633 ms
2019-03-12 16:06:44.309  INFO 10256 --- [main] com.zaxxer.hikari.HikariDataSource       : HikariPool-1 - Starting...
2019-03-12 16:06:44.382  INFO 10256 --- [main] com.zaxxer.hikari.HikariDataSource       : HikariPool-1 - Start completed.
2019-03-12 16:06:44.637  INFO 10256 --- [main] o.hibernate.jpa.internal.util.LogHelper  : HHH000204: Processing PersistenceUnitInfo [
	name: default
	...]
2019-03-12 16:06:44.683  INFO 10256 --- [main] org.hibernate.Version                    : HHH000412: Hibernate Core {5.3.7.Final}
2019-03-12 16:06:44.684  INFO 10256 --- [main] org.hibernate.cfg.Environment            : HHH000206: hibernate.properties not found
2019-03-12 16:06:44.780  INFO 10256 --- [main] o.hibernate.annotations.common.Version   : HCANN000001: Hibernate Commons Annotations {5.0.4.Final}
2019-03-12 16:06:44.937  INFO 10256 --- [main] org.hibernate.dialect.Dialect            : HHH000400: Using dialect: org.hibernate.dialect.H2Dialect
2019-03-12 16:06:45.499  INFO 10256 --- [main] j.LocalContainerEntityManagerFactoryBean : Initialized JPA EntityManagerFactory for persistence unit 'default'
2019-03-12 16:06:46.423  WARN 10256 --- [main] aWebConfiguration$JpaWebMvcConfiguration : spring.jpa.open-in-view is enabled by default. Therefore, database queries may be performed during view rendering. Explicitly configure spring.jpa.open-in-view to disable this warning
2019-03-12 16:06:46.846  INFO 10256 --- [main] pertySourcedRequestMappingHandlerMapping : Mapped URL path [/v2/api-docs] onto method [public org.springframework.http.ResponseEntity<springfox.documentation.spring.web.json.Json> springfox.documentation.swagger2.web.Swagger2Controller.getDocumentation(java.lang.String,javax.servlet.http.HttpServletRequest)]
2019-03-12 16:06:47.089  INFO 10256 --- [main] o.s.s.concurrent.ThreadPoolTaskExecutor  : Initializing ExecutorService 'applicationTaskExecutor'
2019-03-12 16:06:47.504  INFO 10256 --- [main] d.s.w.p.DocumentationPluginsBootstrapper : Context refreshed
2019-03-12 16:06:47.530  INFO 10256 --- [main] d.s.w.p.DocumentationPluginsBootstrapper : Found 1 custom documentation plugin(s)
2019-03-12 16:06:47.572  INFO 10256 --- [main] s.d.s.w.s.ApiListingReferenceScanner     : Scanning for api listing references
2019-03-12 16:06:47.872  INFO 10256 --- [main] o.s.b.w.embedded.tomcat.TomcatWebServer  : Tomcat started on port(s): 8080 (http) with context path ''
2019-03-12 16:06:47.876  INFO 10256 --- [main] ExploreCaliforniaMicroserviceApplication : Started ExploreCaliforniaMicroserviceApplication in 8.085 seconds (JVM running for 9.739)
2019-03-12 16:06:54.683  INFO 10256 --- [http-nio-8080-exec-1] o.a.c.c.C.[Tomcat].[localhost].[/]       : Initializing Spring DispatcherServlet 'dispatcherServlet'
2019-03-12 16:06:54.684  INFO 10256 --- [http-nio-8080-exec-1] o.s.web.servlet.DispatcherServlet        : Initializing Servlet 'dispatcherServlet'
2019-03-12 16:06:54.705  INFO 10256 --- [http-nio-8080-exec-1] o.s.web.servlet.DispatcherServlet        : Completed initialization in 21 ms
2019-03-12 16:07:03.826  INFO 10256 --- [http-nio-8080-exec-1] o.h.h.i.QueryTranslatorFactoryInitiator  : HHH000397: Using ASTQueryTranslatorFactory
2019-03-12 16:45:09.091  INFO 19300 --- [main] ExploreCaliforniaMicroserviceApplication : Starting ExploreCaliforniaMicroserviceApplication on WKWIN3253567 with PID 19300 (C:\Users\pragupta14\IdeaProjects\explorecali\target\classes started by pragupta14 in C:\Users\pragupta14\IdeaProjects\explorecali)
2019-03-12 16:45:09.095 DEBUG 19300 --- [main] ExploreCaliforniaMicroserviceApplication : Running with Spring Boot v2.1.3.RELEASE, Spring v5.1.5.RELEASE
2019-03-12 16:45:09.098  INFO 19300 --- [main] ExploreCaliforniaMicroserviceApplication : No active profile set, falling back to default profiles: default
2019-03-12 16:45:11.322  INFO 19300 --- [main] .s.d.r.c.RepositoryConfigurationDelegate : Bootstrapping Spring Data repositories in DEFAULT mode.
2019-03-12 16:45:11.412  INFO 19300 --- [main] .s.d.r.c.RepositoryConfigurationDelegate : Finished Spring Data repository scanning in 82ms. Found 5 repository interfaces.
2019-03-12 16:45:11.921  INFO 19300 --- [main] trationDelegate$BeanPostProcessorChecker : Bean 'org.springframework.transaction.annotation.ProxyTransactionManagementConfiguration' of type [org.springframework.transaction.annotation.ProxyTransactionManagementConfiguration$$EnhancerBySpringCGLIB$$d8af8931] is not eligible for getting processed by all BeanPostProcessors (for example: not eligible for auto-proxying)
2019-03-12 16:45:11.972  INFO 19300 --- [main] trationDelegate$BeanPostProcessorChecker : Bean 'org.springframework.security.config.annotation.configuration.ObjectPostProcessorConfiguration' of type [org.springframework.security.config.annotation.configuration.ObjectPostProcessorConfiguration$$EnhancerBySpringCGLIB$$715d516b] is not eligible for getting processed by all BeanPostProcessors (for example: not eligible for auto-proxying)
2019-03-12 16:45:11.981  INFO 19300 --- [main] trationDelegate$BeanPostProcessorChecker : Bean 'objectPostProcessor' of type [org.springframework.security.config.annotation.configuration.AutowireBeanFactoryObjectPostProcessor] is not eligible for getting processed by all BeanPostProcessors (for example: not eligible for auto-proxying)
2019-03-12 16:45:11.983  INFO 19300 --- [main] trationDelegate$BeanPostProcessorChecker : Bean 'org.springframework.security.access.expression.method.DefaultMethodSecurityExpressionHandler@38159384' of type [org.springframework.security.access.expression.method.DefaultMethodSecurityExpressionHandler] is not eligible for getting processed by all BeanPostProcessors (for example: not eligible for auto-proxying)
2019-03-12 16:45:11.988  INFO 19300 --- [main] trationDelegate$BeanPostProcessorChecker : Bean 'org.springframework.security.config.annotation.method.configuration.GlobalMethodSecurityConfiguration' of type [org.springframework.security.config.annotation.method.configuration.GlobalMethodSecurityConfiguration$$EnhancerBySpringCGLIB$$9631f41d] is not eligible for getting processed by all BeanPostProcessors (for example: not eligible for auto-proxying)
2019-03-12 16:45:11.992  INFO 19300 --- [main] trationDelegate$BeanPostProcessorChecker : Bean 'methodSecurityMetadataSource' of type [org.springframework.security.access.method.DelegatingMethodSecurityMetadataSource] is not eligible for getting processed by all BeanPostProcessors (for example: not eligible for auto-proxying)
2019-03-12 16:45:12.005  INFO 19300 --- [main] trationDelegate$BeanPostProcessorChecker : Bean 'org.springframework.hateoas.config.HateoasConfiguration' of type [org.springframework.hateoas.config.HateoasConfiguration$$EnhancerBySpringCGLIB$$582fd663] is not eligible for getting processed by all BeanPostProcessors (for example: not eligible for auto-proxying)
2019-03-12 16:45:12.521  INFO 19300 --- [main] o.s.b.w.embedded.tomcat.TomcatWebServer  : Tomcat initialized with port(s): 8080 (http)
2019-03-12 16:45:12.548  INFO 19300 --- [main] o.apache.catalina.core.StandardService   : Starting service [Tomcat]
2019-03-12 16:45:12.548  INFO 19300 --- [main] org.apache.catalina.core.StandardEngine  : Starting Servlet engine: [Apache Tomcat/9.0.16]
2019-03-12 16:45:12.555  INFO 19300 --- [main] o.a.catalina.core.AprLifecycleListener   : The APR based Apache Tomcat Native library which allows optimal performance in production environments was not found on the java.library.path: [C:\Program Files\Java\jdk-11.0.1\bin;C:\WINDOWS\Sun\Java\bin;C:\WINDOWS\system32;C:\WINDOWS;C:\Program Files\Java\jdk-11.0.1\bin;C:\Program Files (x86)\Common Files\Oracle\Java\javapath;C:\WINDOWS\system32;C:\WINDOWS;C:\WINDOWS\System32\Wbem;C:\WINDOWS\System32\WindowsPowerShell\v1.0\;C:\WINDOWS\System32\OpenSSH\;C:\Program Files (x86)\Box\Box Edit\;C:\Program Files (x86)\sbt\bin;C:\Program Files\Git\cmd;C:\Program Files\nodejs\;C:\Python27;C:\Python27\Scripts;C:\Users\pragupta14\AppData\Roaming\npm;.]
2019-03-12 16:45:12.695  INFO 19300 --- [main] o.a.c.c.C.[Tomcat].[localhost].[/]       : Initializing Spring embedded WebApplicationContext
2019-03-12 16:45:12.696  INFO 19300 --- [main] o.s.web.context.ContextLoader            : Root WebApplicationContext: initialization completed in 3540 ms
2019-03-12 16:45:12.888  INFO 19300 --- [main] com.zaxxer.hikari.HikariDataSource       : HikariPool-1 - Starting...
2019-03-12 16:45:12.967  INFO 19300 --- [main] com.zaxxer.hikari.HikariDataSource       : HikariPool-1 - Start completed.
2019-03-12 16:45:13.252  INFO 19300 --- [main] o.hibernate.jpa.internal.util.LogHelper  : HHH000204: Processing PersistenceUnitInfo [
	name: default
	...]
2019-03-12 16:45:13.301  INFO 19300 --- [main] org.hibernate.Version                    : HHH000412: Hibernate Core {5.3.7.Final}
2019-03-12 16:45:13.302  INFO 19300 --- [main] org.hibernate.cfg.Environment            : HHH000206: hibernate.properties not found
2019-03-12 16:45:13.401  INFO 19300 --- [main] o.hibernate.annotations.common.Version   : HCANN000001: Hibernate Commons Annotations {5.0.4.Final}
2019-03-12 16:45:13.619  INFO 19300 --- [main] org.hibernate.dialect.Dialect            : HHH000400: Using dialect: org.hibernate.dialect.H2Dialect
2019-03-12 16:45:14.613  INFO 19300 --- [main] j.LocalContainerEntityManagerFactoryBean : Initialized JPA EntityManagerFactory for persistence unit 'default'
2019-03-12 16:45:16.208  WARN 19300 --- [main] aWebConfiguration$JpaWebMvcConfiguration : spring.jpa.open-in-view is enabled by default. Therefore, database queries may be performed during view rendering. Explicitly configure spring.jpa.open-in-view to disable this warning
2019-03-12 16:45:16.716  INFO 19300 --- [main] pertySourcedRequestMappingHandlerMapping : Mapped URL path [/v2/api-docs] onto method [public org.springframework.http.ResponseEntity<springfox.documentation.spring.web.json.Json> springfox.documentation.swagger2.web.Swagger2Controller.getDocumentation(java.lang.String,javax.servlet.http.HttpServletRequest)]
2019-03-12 16:45:16.914  INFO 19300 --- [main] o.s.s.concurrent.ThreadPoolTaskExecutor  : Initializing ExecutorService 'applicationTaskExecutor'
2019-03-12 16:45:17.651  INFO 19300 --- [main] o.s.s.web.DefaultSecurityFilterChain     : Creating filter chain: any request, [org.springframework.security.web.context.request.async.WebAsyncManagerIntegrationFilter@644f033d, org.springframework.security.web.context.SecurityContextPersistenceFilter@1ee04ff6, org.springframework.security.web.header.HeaderWriterFilter@60eb9c29, org.springframework.security.web.authentication.logout.LogoutFilter@796687de, org.springframework.security.web.savedrequest.RequestCacheAwareFilter@3bbab2c9, org.springframework.security.web.servletapi.SecurityContextHolderAwareRequestFilter@5c70eda4, org.springframework.security.web.authentication.AnonymousAuthenticationFilter@6f526f91, org.springframework.security.web.session.SessionManagementFilter@3fe33c59, org.springframework.security.web.access.ExceptionTranslationFilter@49620576, org.springframework.security.web.access.intercept.FilterSecurityInterceptor@6db99c79]
2019-03-12 16:45:17.763  INFO 19300 --- [main] d.s.w.p.DocumentationPluginsBootstrapper : Context refreshed
2019-03-12 16:45:17.782  INFO 19300 --- [main] d.s.w.p.DocumentationPluginsBootstrapper : Found 1 custom documentation plugin(s)
2019-03-12 16:45:17.811  INFO 19300 --- [main] s.d.s.w.s.ApiListingReferenceScanner     : Scanning for api listing references
2019-03-12 16:45:18.101  INFO 19300 --- [main] o.s.b.w.embedded.tomcat.TomcatWebServer  : Tomcat started on port(s): 8080 (http) with context path ''
2019-03-12 16:45:18.106  INFO 19300 --- [main] ExploreCaliforniaMicroserviceApplication : Started ExploreCaliforniaMicroserviceApplication in 9.524 seconds (JVM running for 11.263)
2019-03-12 16:45:21.079  INFO 19300 --- [http-nio-8080-exec-2] o.a.c.c.C.[Tomcat].[localhost].[/]       : Initializing Spring DispatcherServlet 'dispatcherServlet'
2019-03-12 16:45:21.080  INFO 19300 --- [http-nio-8080-exec-2] o.s.web.servlet.DispatcherServlet        : Initializing Servlet 'dispatcherServlet'
2019-03-12 16:45:21.117  INFO 19300 --- [http-nio-8080-exec-2] o.s.web.servlet.DispatcherServlet        : Completed initialization in 35 ms
2019-03-12 16:46:35.009  INFO 7928 --- [main] ExploreCaliforniaMicroserviceApplication : Starting ExploreCaliforniaMicroserviceApplication on WKWIN3253567 with PID 7928 (C:\Users\pragupta14\IdeaProjects\explorecali\target\classes started by pragupta14 in C:\Users\pragupta14\IdeaProjects\explorecali)
2019-03-12 16:46:35.012 DEBUG 7928 --- [main] ExploreCaliforniaMicroserviceApplication : Running with Spring Boot v2.1.3.RELEASE, Spring v5.1.5.RELEASE
2019-03-12 16:46:35.013  INFO 7928 --- [main] ExploreCaliforniaMicroserviceApplication : No active profile set, falling back to default profiles: default
2019-03-12 16:46:37.207  INFO 7928 --- [main] .s.d.r.c.RepositoryConfigurationDelegate : Bootstrapping Spring Data repositories in DEFAULT mode.
2019-03-12 16:46:37.282  INFO 7928 --- [main] .s.d.r.c.RepositoryConfigurationDelegate : Finished Spring Data repository scanning in 68ms. Found 5 repository interfaces.
2019-03-12 16:46:37.658  INFO 7928 --- [main] trationDelegate$BeanPostProcessorChecker : Bean 'org.springframework.transaction.annotation.ProxyTransactionManagementConfiguration' of type [org.springframework.transaction.annotation.ProxyTransactionManagementConfiguration$$EnhancerBySpringCGLIB$$417d54b3] is not eligible for getting processed by all BeanPostProcessors (for example: not eligible for auto-proxying)
2019-03-12 16:46:37.693  INFO 7928 --- [main] trationDelegate$BeanPostProcessorChecker : Bean 'org.springframework.security.config.annotation.configuration.ObjectPostProcessorConfiguration' of type [org.springframework.security.config.annotation.configuration.ObjectPostProcessorConfiguration$$EnhancerBySpringCGLIB$$da2b1ced] is not eligible for getting processed by all BeanPostProcessors (for example: not eligible for auto-proxying)
2019-03-12 16:46:37.699  INFO 7928 --- [main] trationDelegate$BeanPostProcessorChecker : Bean 'objectPostProcessor' of type [org.springframework.security.config.annotation.configuration.AutowireBeanFactoryObjectPostProcessor] is not eligible for getting processed by all BeanPostProcessors (for example: not eligible for auto-proxying)
2019-03-12 16:46:37.700  INFO 7928 --- [main] trationDelegate$BeanPostProcessorChecker : Bean 'org.springframework.security.access.expression.method.DefaultMethodSecurityExpressionHandler@686cf8ad' of type [org.springframework.security.access.expression.method.DefaultMethodSecurityExpressionHandler] is not eligible for getting processed by all BeanPostProcessors (for example: not eligible for auto-proxying)
2019-03-12 16:46:37.701  INFO 7928 --- [main] trationDelegate$BeanPostProcessorChecker : Bean 'org.springframework.security.config.annotation.method.configuration.GlobalMethodSecurityConfiguration' of type [org.springframework.security.config.annotation.method.configuration.GlobalMethodSecurityConfiguration$$EnhancerBySpringCGLIB$$feffbf9f] is not eligible for getting processed by all BeanPostProcessors (for example: not eligible for auto-proxying)
2019-03-12 16:46:37.704  INFO 7928 --- [main] trationDelegate$BeanPostProcessorChecker : Bean 'methodSecurityMetadataSource' of type [org.springframework.security.access.method.DelegatingMethodSecurityMetadataSource] is not eligible for getting processed by all BeanPostProcessors (for example: not eligible for auto-proxying)
2019-03-12 16:46:37.721  INFO 7928 --- [main] trationDelegate$BeanPostProcessorChecker : Bean 'org.springframework.hateoas.config.HateoasConfiguration' of type [org.springframework.hateoas.config.HateoasConfiguration$$EnhancerBySpringCGLIB$$c0fda1e5] is not eligible for getting processed by all BeanPostProcessors (for example: not eligible for auto-proxying)
2019-03-12 16:46:38.143  INFO 7928 --- [main] o.s.b.w.embedded.tomcat.TomcatWebServer  : Tomcat initialized with port(s): 8080 (http)
2019-03-12 16:46:38.168  INFO 7928 --- [main] o.apache.catalina.core.StandardService   : Starting service [Tomcat]
2019-03-12 16:46:38.168  INFO 7928 --- [main] org.apache.catalina.core.StandardEngine  : Starting Servlet engine: [Apache Tomcat/9.0.16]
2019-03-12 16:46:38.175  INFO 7928 --- [main] o.a.catalina.core.AprLifecycleListener   : The APR based Apache Tomcat Native library which allows optimal performance in production environments was not found on the java.library.path: [C:\Program Files\Java\jdk-11.0.1\bin;C:\WINDOWS\Sun\Java\bin;C:\WINDOWS\system32;C:\WINDOWS;C:\Program Files\Java\jdk-11.0.1\bin;C:\Program Files (x86)\Common Files\Oracle\Java\javapath;C:\WINDOWS\system32;C:\WINDOWS;C:\WINDOWS\System32\Wbem;C:\WINDOWS\System32\WindowsPowerShell\v1.0\;C:\WINDOWS\System32\OpenSSH\;C:\Program Files (x86)\Box\Box Edit\;C:\Program Files (x86)\sbt\bin;C:\Program Files\Git\cmd;C:\Program Files\nodejs\;C:\Python27;C:\Python27\Scripts;C:\Users\pragupta14\AppData\Roaming\npm;.]
2019-03-12 16:46:38.289  INFO 7928 --- [main] o.a.c.c.C.[Tomcat].[localhost].[/]       : Initializing Spring embedded WebApplicationContext
2019-03-12 16:46:38.290  INFO 7928 --- [main] o.s.web.context.ContextLoader            : Root WebApplicationContext: initialization completed in 3151 ms
2019-03-12 16:46:38.504  INFO 7928 --- [main] com.zaxxer.hikari.HikariDataSource       : HikariPool-1 - Starting...
2019-03-12 16:46:38.573  INFO 7928 --- [main] com.zaxxer.hikari.HikariDataSource       : HikariPool-1 - Start completed.
2019-03-12 16:46:38.844  INFO 7928 --- [main] o.hibernate.jpa.internal.util.LogHelper  : HHH000204: Processing PersistenceUnitInfo [
	name: default
	...]
2019-03-12 16:46:38.892  INFO 7928 --- [main] org.hibernate.Version                    : HHH000412: Hibernate Core {5.3.7.Final}
2019-03-12 16:46:38.893  INFO 7928 --- [main] org.hibernate.cfg.Environment            : HHH000206: hibernate.properties not found
2019-03-12 16:46:39.008  INFO 7928 --- [main] o.hibernate.annotations.common.Version   : HCANN000001: Hibernate Commons Annotations {5.0.4.Final}
2019-03-12 16:46:39.165  INFO 7928 --- [main] org.hibernate.dialect.Dialect            : HHH000400: Using dialect: org.hibernate.dialect.H2Dialect
2019-03-12 16:46:39.743  INFO 7928 --- [main] j.LocalContainerEntityManagerFactoryBean : Initialized JPA EntityManagerFactory for persistence unit 'default'
2019-03-12 16:46:40.833  WARN 7928 --- [main] aWebConfiguration$JpaWebMvcConfiguration : spring.jpa.open-in-view is enabled by default. Therefore, database queries may be performed during view rendering. Explicitly configure spring.jpa.open-in-view to disable this warning
2019-03-12 16:46:41.187  INFO 7928 --- [main] pertySourcedRequestMappingHandlerMapping : Mapped URL path [/v2/api-docs] onto method [public org.springframework.http.ResponseEntity<springfox.documentation.spring.web.json.Json> springfox.documentation.swagger2.web.Swagger2Controller.getDocumentation(java.lang.String,javax.servlet.http.HttpServletRequest)]
2019-03-12 16:46:41.377  INFO 7928 --- [main] o.s.s.concurrent.ThreadPoolTaskExecutor  : Initializing ExecutorService 'applicationTaskExecutor'
2019-03-12 16:46:41.906  INFO 7928 --- [main] o.s.s.web.DefaultSecurityFilterChain     : Creating filter chain: any request, [org.springframework.security.web.context.request.async.WebAsyncManagerIntegrationFilter@e10809f, org.springframework.security.web.context.SecurityContextPersistenceFilter@a8ef0c2, org.springframework.security.web.header.HeaderWriterFilter@644f033d, org.springframework.security.web.authentication.logout.LogoutFilter@13a35d3b, org.springframework.security.web.savedrequest.RequestCacheAwareFilter@4fe91eed, org.springframework.security.web.servletapi.SecurityContextHolderAwareRequestFilter@1bff4b1f, org.springframework.security.web.authentication.AnonymousAuthenticationFilter@470c2a7a, org.springframework.security.web.session.SessionManagementFilter@6921ce3f, org.springframework.security.web.access.ExceptionTranslationFilter@3bb186b, org.springframework.security.web.access.intercept.FilterSecurityInterceptor@21a1554]
2019-03-12 16:46:41.995  INFO 7928 --- [main] d.s.w.p.DocumentationPluginsBootstrapper : Context refreshed
2019-03-12 16:46:42.009  INFO 7928 --- [main] d.s.w.p.DocumentationPluginsBootstrapper : Found 1 custom documentation plugin(s)
2019-03-12 16:46:42.034  INFO 7928 --- [main] s.d.s.w.s.ApiListingReferenceScanner     : Scanning for api listing references
2019-03-12 16:46:42.233  INFO 7928 --- [main] o.s.b.w.embedded.tomcat.TomcatWebServer  : Tomcat started on port(s): 8080 (http) with context path ''
2019-03-12 16:46:42.236  INFO 7928 --- [main] ExploreCaliforniaMicroserviceApplication : Started ExploreCaliforniaMicroserviceApplication in 7.671 seconds (JVM running for 9.666)
2019-03-12 16:46:51.015  INFO 7928 --- [http-nio-8080-exec-1] o.a.c.c.C.[Tomcat].[localhost].[/]       : Initializing Spring DispatcherServlet 'dispatcherServlet'
2019-03-12 16:46:51.016  INFO 7928 --- [http-nio-8080-exec-1] o.s.web.servlet.DispatcherServlet        : Initializing Servlet 'dispatcherServlet'
2019-03-12 16:46:51.038  INFO 7928 --- [http-nio-8080-exec-1] o.s.web.servlet.DispatcherServlet        : Completed initialization in 22 ms
2019-03-12 16:48:56.114 ERROR 7928 --- [http-nio-8080-exec-10] o.s.d.r.w.RepositoryRestExceptionHandler : Failed to convert from type [java.lang.String] to type [java.lang.Integer] for value 'signin'; nested exception is java.lang.NumberFormatException: For input string: "signin"

org.springframework.core.convert.ConversionFailedException: Failed to convert from type [java.lang.String] to type [java.lang.Integer] for value 'signin'; nested exception is java.lang.NumberFormatException: For input string: "signin"
	at org.springframework.core.convert.support.ConversionUtils.invokeConverter(ConversionUtils.java:46)
	at org.springframework.core.convert.support.GenericConversionService.convert(GenericConversionService.java:191)
	at org.springframework.core.convert.support.GenericConversionService.convert(GenericConversionService.java:174)
	at org.springframework.data.repository.support.ReflectionRepositoryInvoker.convertId(ReflectionRepositoryInvoker.java:289)
	at org.springframework.data.repository.support.CrudRepositoryInvoker.invokeFindById(CrudRepositoryInvoker.java:92)
	at org.springframework.data.rest.core.support.UnwrappingRepositoryInvokerFactory$UnwrappingRepositoryInvoker.invokeFindById(UnwrappingRepositoryInvokerFactory.java:94)
	at org.springframework.data.rest.webmvc.RepositoryEntityController.getItemResource(RepositoryEntityController.java:520)
	at org.springframework.data.rest.webmvc.RepositoryEntityController.getItemResource(RepositoryEntityController.java:333)
	at java.base/jdk.internal.reflect.NativeMethodAccessorImpl.invoke0(Native Method)
	at java.base/jdk.internal.reflect.NativeMethodAccessorImpl.invoke(NativeMethodAccessorImpl.java:62)
	at java.base/jdk.internal.reflect.DelegatingMethodAccessorImpl.invoke(DelegatingMethodAccessorImpl.java:43)
	at java.base/java.lang.reflect.Method.invoke(Method.java:566)
	at org.springframework.web.method.support.InvocableHandlerMethod.doInvoke(InvocableHandlerMethod.java:189)
	at org.springframework.web.method.support.InvocableHandlerMethod.invokeForRequest(InvocableHandlerMethod.java:138)
	at org.springframework.web.servlet.mvc.method.annotation.ServletInvocableHandlerMethod.invokeAndHandle(ServletInvocableHandlerMethod.java:102)
	at org.springframework.web.servlet.mvc.method.annotation.RequestMappingHandlerAdapter.invokeHandlerMethod(RequestMappingHandlerAdapter.java:895)
	at org.springframework.web.servlet.mvc.method.annotation.RequestMappingHandlerAdapter.handleInternal(RequestMappingHandlerAdapter.java:800)
	at org.springframework.web.servlet.mvc.method.AbstractHandlerMethodAdapter.handle(AbstractHandlerMethodAdapter.java:87)
	at org.springframework.web.servlet.DispatcherServlet.doDispatch(DispatcherServlet.java:1038)
	at org.springframework.web.servlet.DispatcherServlet.doService(DispatcherServlet.java:942)
	at org.springframework.web.servlet.FrameworkServlet.processRequest(FrameworkServlet.java:1005)
	at org.springframework.web.servlet.FrameworkServlet.doGet(FrameworkServlet.java:897)
	at javax.servlet.http.HttpServlet.service(HttpServlet.java:634)
	at org.springframework.web.servlet.FrameworkServlet.service(FrameworkServlet.java:882)
	at javax.servlet.http.HttpServlet.service(HttpServlet.java:741)
	at org.apache.catalina.core.ApplicationFilterChain.internalDoFilter(ApplicationFilterChain.java:231)
	at org.apache.catalina.core.ApplicationFilterChain.doFilter(ApplicationFilterChain.java:166)
	at org.apache.tomcat.websocket.server.WsFilter.doFilter(WsFilter.java:53)
	at org.apache.catalina.core.ApplicationFilterChain.internalDoFilter(ApplicationFilterChain.java:193)
	at org.apache.catalina.core.ApplicationFilterChain.doFilter(ApplicationFilterChain.java:166)
	at org.springframework.security.web.FilterChainProxy$VirtualFilterChain.doFilter(FilterChainProxy.java:320)
	at org.springframework.security.web.access.intercept.FilterSecurityInterceptor.invoke(FilterSecurityInterceptor.java:127)
	at org.springframework.security.web.access.intercept.FilterSecurityInterceptor.doFilter(FilterSecurityInterceptor.java:91)
	at org.springframework.security.web.FilterChainProxy$VirtualFilterChain.doFilter(FilterChainProxy.java:334)
	at org.springframework.security.web.access.ExceptionTranslationFilter.doFilter(ExceptionTranslationFilter.java:119)
	at org.springframework.security.web.FilterChainProxy$VirtualFilterChain.doFilter(FilterChainProxy.java:334)
	at org.springframework.security.web.session.SessionManagementFilter.doFilter(SessionManagementFilter.java:137)
	at org.springframework.security.web.FilterChainProxy$VirtualFilterChain.doFilter(FilterChainProxy.java:334)
	at org.springframework.security.web.authentication.AnonymousAuthenticationFilter.doFilter(AnonymousAuthenticationFilter.java:111)
	at org.springframework.security.web.FilterChainProxy$VirtualFilterChain.doFilter(FilterChainProxy.java:334)
	at org.springframework.security.web.servletapi.SecurityContextHolderAwareRequestFilter.doFilter(SecurityContextHolderAwareRequestFilter.java:170)
	at org.springframework.security.web.FilterChainProxy$VirtualFilterChain.doFilter(FilterChainProxy.java:334)
	at org.springframework.security.web.savedrequest.RequestCacheAwareFilter.doFilter(RequestCacheAwareFilter.java:63)
	at org.springframework.security.web.FilterChainProxy$VirtualFilterChain.doFilter(FilterChainProxy.java:334)
	at org.springframework.security.web.authentication.logout.LogoutFilter.doFilter(LogoutFilter.java:116)
	at org.springframework.security.web.FilterChainProxy$VirtualFilterChain.doFilter(FilterChainProxy.java:334)
	at org.springframework.security.web.header.HeaderWriterFilter.doFilterInternal(HeaderWriterFilter.java:74)
	at org.springframework.web.filter.OncePerRequestFilter.doFilter(OncePerRequestFilter.java:107)
	at org.springframework.security.web.FilterChainProxy$VirtualFilterChain.doFilter(FilterChainProxy.java:334)
	at org.springframework.security.web.context.SecurityContextPersistenceFilter.doFilter(SecurityContextPersistenceFilter.java:105)
	at org.springframework.security.web.FilterChainProxy$VirtualFilterChain.doFilter(FilterChainProxy.java:334)
	at org.springframework.security.web.context.request.async.WebAsyncManagerIntegrationFilter.doFilterInternal(WebAsyncManagerIntegrationFilter.java:56)
	at org.springframework.web.filter.OncePerRequestFilter.doFilter(OncePerRequestFilter.java:107)
	at org.springframework.security.web.FilterChainProxy$VirtualFilterChain.doFilter(FilterChainProxy.java:334)
	at org.springframework.security.web.FilterChainProxy.doFilterInternal(FilterChainProxy.java:215)
	at org.springframework.security.web.FilterChainProxy.doFilter(FilterChainProxy.java:178)
	at org.springframework.web.filter.DelegatingFilterProxy.invokeDelegate(DelegatingFilterProxy.java:357)
	at org.springframework.web.filter.DelegatingFilterProxy.doFilter(DelegatingFilterProxy.java:270)
	at org.apache.catalina.core.ApplicationFilterChain.internalDoFilter(ApplicationFilterChain.java:193)
	at org.apache.catalina.core.ApplicationFilterChain.doFilter(ApplicationFilterChain.java:166)
	at org.springframework.web.filter.RequestContextFilter.doFilterInternal(RequestContextFilter.java:99)
	at org.springframework.web.filter.OncePerRequestFilter.doFilter(OncePerRequestFilter.java:107)
	at org.apache.catalina.core.ApplicationFilterChain.internalDoFilter(ApplicationFilterChain.java:193)
	at org.apache.catalina.core.ApplicationFilterChain.doFilter(ApplicationFilterChain.java:166)
	at org.springframework.web.filter.FormContentFilter.doFilterInternal(FormContentFilter.java:92)
	at org.springframework.web.filter.OncePerRequestFilter.doFilter(OncePerRequestFilter.java:107)
	at org.apache.catalina.core.ApplicationFilterChain.internalDoFilter(ApplicationFilterChain.java:193)
	at org.apache.catalina.core.ApplicationFilterChain.doFilter(ApplicationFilterChain.java:166)
	at org.springframework.web.filter.HiddenHttpMethodFilter.doFilterInternal(HiddenHttpMethodFilter.java:93)
	at org.springframework.web.filter.OncePerRequestFilter.doFilter(OncePerRequestFilter.java:107)
	at org.apache.catalina.core.ApplicationFilterChain.internalDoFilter(ApplicationFilterChain.java:193)
	at org.apache.catalina.core.ApplicationFilterChain.doFilter(ApplicationFilterChain.java:166)
	at org.springframework.web.filter.CharacterEncodingFilter.doFilterInternal(CharacterEncodingFilter.java:200)
	at org.springframework.web.filter.OncePerRequestFilter.doFilter(OncePerRequestFilter.java:107)
	at org.apache.catalina.core.ApplicationFilterChain.internalDoFilter(ApplicationFilterChain.java:193)
	at org.apache.catalina.core.ApplicationFilterChain.doFilter(ApplicationFilterChain.java:166)
	at org.apache.catalina.core.StandardWrapperValve.invoke(StandardWrapperValve.java:200)
	at org.apache.catalina.core.StandardContextValve.invoke(StandardContextValve.java:96)
	at org.apache.catalina.authenticator.AuthenticatorBase.invoke(AuthenticatorBase.java:490)
	at org.apache.catalina.core.StandardHostValve.invoke(StandardHostValve.java:139)
	at org.apache.catalina.valves.ErrorReportValve.invoke(ErrorReportValve.java:92)
	at org.apache.catalina.core.StandardEngineValve.invoke(StandardEngineValve.java:74)
	at org.apache.catalina.connector.CoyoteAdapter.service(CoyoteAdapter.java:343)
	at org.apache.coyote.http11.Http11Processor.service(Http11Processor.java:408)
	at org.apache.coyote.AbstractProcessorLight.process(AbstractProcessorLight.java:66)
	at org.apache.coyote.AbstractProtocol$ConnectionHandler.process(AbstractProtocol.java:834)
	at org.apache.tomcat.util.net.NioEndpoint$SocketProcessor.doRun(NioEndpoint.java:1415)
	at org.apache.tomcat.util.net.SocketProcessorBase.run(SocketProcessorBase.java:49)
	at java.base/java.util.concurrent.ThreadPoolExecutor.runWorker(ThreadPoolExecutor.java:1128)
	at java.base/java.util.concurrent.ThreadPoolExecutor$Worker.run(ThreadPoolExecutor.java:628)
	at org.apache.tomcat.util.threads.TaskThread$WrappingRunnable.run(TaskThread.java:61)
	at java.base/java.lang.Thread.run(Thread.java:834)
Caused by: java.lang.NumberFormatException: For input string: "signin"
	at java.base/java.lang.NumberFormatException.forInputString(NumberFormatException.java:65)
	at java.base/java.lang.Integer.parseInt(Integer.java:652)
	at java.base/java.lang.Integer.valueOf(Integer.java:983)
	at org.springframework.util.NumberUtils.parseNumber(NumberUtils.java:211)
	at org.springframework.core.convert.support.StringToNumberConverterFactory$StringToNumber.convert(StringToNumberConverterFactory.java:62)
	at org.springframework.core.convert.support.StringToNumberConverterFactory$StringToNumber.convert(StringToNumberConverterFactory.java:49)
	at org.springframework.core.convert.support.GenericConversionService$ConverterFactoryAdapter.convert(GenericConversionService.java:436)
	at org.springframework.core.convert.support.ConversionUtils.invokeConverter(ConversionUtils.java:40)
	... 91 common frames omitted

2019-03-12 16:49:18.598  INFO 7928 --- [http-nio-8080-exec-3] o.h.h.i.QueryTranslatorFactoryInitiator  : HHH000397: Using ASTQueryTranslatorFactory
2019-03-12 16:49:39.241 ERROR 7928 --- [http-nio-8080-exec-4] o.s.d.r.w.RepositoryRestExceptionHandler : Failed to convert from type [java.lang.String] to type [java.lang.Integer] for value 'signin'; nested exception is java.lang.NumberFormatException: For input string: "signin"

org.springframework.core.convert.ConversionFailedException: Failed to convert from type [java.lang.String] to type [java.lang.Integer] for value 'signin'; nested exception is java.lang.NumberFormatException: For input string: "signin"
	at org.springframework.core.convert.support.ConversionUtils.invokeConverter(ConversionUtils.java:46)
	at org.springframework.core.convert.support.GenericConversionService.convert(GenericConversionService.java:191)
	at org.springframework.core.convert.support.GenericConversionService.convert(GenericConversionService.java:174)
	at org.springframework.data.repository.support.ReflectionRepositoryInvoker.convertId(ReflectionRepositoryInvoker.java:289)
	at org.springframework.data.repository.support.CrudRepositoryInvoker.invokeFindById(CrudRepositoryInvoker.java:92)
	at org.springframework.data.rest.core.support.UnwrappingRepositoryInvokerFactory$UnwrappingRepositoryInvoker.invokeFindById(UnwrappingRepositoryInvokerFactory.java:94)
	at org.springframework.data.rest.webmvc.RepositoryEntityController.getItemResource(RepositoryEntityController.java:520)
	at org.springframework.data.rest.webmvc.RepositoryEntityController.getItemResource(RepositoryEntityController.java:333)
	at java.base/jdk.internal.reflect.NativeMethodAccessorImpl.invoke0(Native Method)
	at java.base/jdk.internal.reflect.NativeMethodAccessorImpl.invoke(NativeMethodAccessorImpl.java:62)
	at java.base/jdk.internal.reflect.DelegatingMethodAccessorImpl.invoke(DelegatingMethodAccessorImpl.java:43)
	at java.base/java.lang.reflect.Method.invoke(Method.java:566)
	at org.springframework.web.method.support.InvocableHandlerMethod.doInvoke(InvocableHandlerMethod.java:189)
	at org.springframework.web.method.support.InvocableHandlerMethod.invokeForRequest(InvocableHandlerMethod.java:138)
	at org.springframework.web.servlet.mvc.method.annotation.ServletInvocableHandlerMethod.invokeAndHandle(ServletInvocableHandlerMethod.java:102)
	at org.springframework.web.servlet.mvc.method.annotation.RequestMappingHandlerAdapter.invokeHandlerMethod(RequestMappingHandlerAdapter.java:895)
	at org.springframework.web.servlet.mvc.method.annotation.RequestMappingHandlerAdapter.handleInternal(RequestMappingHandlerAdapter.java:800)
	at org.springframework.web.servlet.mvc.method.AbstractHandlerMethodAdapter.handle(AbstractHandlerMethodAdapter.java:87)
	at org.springframework.web.servlet.DispatcherServlet.doDispatch(DispatcherServlet.java:1038)
	at org.springframework.web.servlet.DispatcherServlet.doService(DispatcherServlet.java:942)
	at org.springframework.web.servlet.FrameworkServlet.processRequest(FrameworkServlet.java:1005)
	at org.springframework.web.servlet.FrameworkServlet.doGet(FrameworkServlet.java:897)
	at javax.servlet.http.HttpServlet.service(HttpServlet.java:634)
	at org.springframework.web.servlet.FrameworkServlet.service(FrameworkServlet.java:882)
	at javax.servlet.http.HttpServlet.service(HttpServlet.java:741)
	at org.apache.catalina.core.ApplicationFilterChain.internalDoFilter(ApplicationFilterChain.java:231)
	at org.apache.catalina.core.ApplicationFilterChain.doFilter(ApplicationFilterChain.java:166)
	at org.apache.tomcat.websocket.server.WsFilter.doFilter(WsFilter.java:53)
	at org.apache.catalina.core.ApplicationFilterChain.internalDoFilter(ApplicationFilterChain.java:193)
	at org.apache.catalina.core.ApplicationFilterChain.doFilter(ApplicationFilterChain.java:166)
	at org.springframework.security.web.FilterChainProxy$VirtualFilterChain.doFilter(FilterChainProxy.java:320)
	at org.springframework.security.web.access.intercept.FilterSecurityInterceptor.invoke(FilterSecurityInterceptor.java:127)
	at org.springframework.security.web.access.intercept.FilterSecurityInterceptor.doFilter(FilterSecurityInterceptor.java:91)
	at org.springframework.security.web.FilterChainProxy$VirtualFilterChain.doFilter(FilterChainProxy.java:334)
	at org.springframework.security.web.access.ExceptionTranslationFilter.doFilter(ExceptionTranslationFilter.java:119)
	at org.springframework.security.web.FilterChainProxy$VirtualFilterChain.doFilter(FilterChainProxy.java:334)
	at org.springframework.security.web.session.SessionManagementFilter.doFilter(SessionManagementFilter.java:137)
	at org.springframework.security.web.FilterChainProxy$VirtualFilterChain.doFilter(FilterChainProxy.java:334)
	at org.springframework.security.web.authentication.AnonymousAuthenticationFilter.doFilter(AnonymousAuthenticationFilter.java:111)
	at org.springframework.security.web.FilterChainProxy$VirtualFilterChain.doFilter(FilterChainProxy.java:334)
	at org.springframework.security.web.servletapi.SecurityContextHolderAwareRequestFilter.doFilter(SecurityContextHolderAwareRequestFilter.java:170)
	at org.springframework.security.web.FilterChainProxy$VirtualFilterChain.doFilter(FilterChainProxy.java:334)
	at org.springframework.security.web.savedrequest.RequestCacheAwareFilter.doFilter(RequestCacheAwareFilter.java:63)
	at org.springframework.security.web.FilterChainProxy$VirtualFilterChain.doFilter(FilterChainProxy.java:334)
	at org.springframework.security.web.authentication.logout.LogoutFilter.doFilter(LogoutFilter.java:116)
	at org.springframework.security.web.FilterChainProxy$VirtualFilterChain.doFilter(FilterChainProxy.java:334)
	at org.springframework.security.web.header.HeaderWriterFilter.doFilterInternal(HeaderWriterFilter.java:74)
	at org.springframework.web.filter.OncePerRequestFilter.doFilter(OncePerRequestFilter.java:107)
	at org.springframework.security.web.FilterChainProxy$VirtualFilterChain.doFilter(FilterChainProxy.java:334)
	at org.springframework.security.web.context.SecurityContextPersistenceFilter.doFilter(SecurityContextPersistenceFilter.java:105)
	at org.springframework.security.web.FilterChainProxy$VirtualFilterChain.doFilter(FilterChainProxy.java:334)
	at org.springframework.security.web.context.request.async.WebAsyncManagerIntegrationFilter.doFilterInternal(WebAsyncManagerIntegrationFilter.java:56)
	at org.springframework.web.filter.OncePerRequestFilter.doFilter(OncePerRequestFilter.java:107)
	at org.springframework.security.web.FilterChainProxy$VirtualFilterChain.doFilter(FilterChainProxy.java:334)
	at org.springframework.security.web.FilterChainProxy.doFilterInternal(FilterChainProxy.java:215)
	at org.springframework.security.web.FilterChainProxy.doFilter(FilterChainProxy.java:178)
	at org.springframework.web.filter.DelegatingFilterProxy.invokeDelegate(DelegatingFilterProxy.java:357)
	at org.springframework.web.filter.DelegatingFilterProxy.doFilter(DelegatingFilterProxy.java:270)
	at org.apache.catalina.core.ApplicationFilterChain.internalDoFilter(ApplicationFilterChain.java:193)
	at org.apache.catalina.core.ApplicationFilterChain.doFilter(ApplicationFilterChain.java:166)
	at org.springframework.web.filter.RequestContextFilter.doFilterInternal(RequestContextFilter.java:99)
	at org.springframework.web.filter.OncePerRequestFilter.doFilter(OncePerRequestFilter.java:107)
	at org.apache.catalina.core.ApplicationFilterChain.internalDoFilter(ApplicationFilterChain.java:193)
	at org.apache.catalina.core.ApplicationFilterChain.doFilter(ApplicationFilterChain.java:166)
	at org.springframework.web.filter.FormContentFilter.doFilterInternal(FormContentFilter.java:92)
	at org.springframework.web.filter.OncePerRequestFilter.doFilter(OncePerRequestFilter.java:107)
	at org.apache.catalina.core.ApplicationFilterChain.internalDoFilter(ApplicationFilterChain.java:193)
	at org.apache.catalina.core.ApplicationFilterChain.doFilter(ApplicationFilterChain.java:166)
	at org.springframework.web.filter.HiddenHttpMethodFilter.doFilterInternal(HiddenHttpMethodFilter.java:93)
	at org.springframework.web.filter.OncePerRequestFilter.doFilter(OncePerRequestFilter.java:107)
	at org.apache.catalina.core.ApplicationFilterChain.internalDoFilter(ApplicationFilterChain.java:193)
	at org.apache.catalina.core.ApplicationFilterChain.doFilter(ApplicationFilterChain.java:166)
	at org.springframework.web.filter.CharacterEncodingFilter.doFilterInternal(CharacterEncodingFilter.java:200)
	at org.springframework.web.filter.OncePerRequestFilter.doFilter(OncePerRequestFilter.java:107)
	at org.apache.catalina.core.ApplicationFilterChain.internalDoFilter(ApplicationFilterChain.java:193)
	at org.apache.catalina.core.ApplicationFilterChain.doFilter(ApplicationFilterChain.java:166)
	at org.apache.catalina.core.StandardWrapperValve.invoke(StandardWrapperValve.java:200)
	at org.apache.catalina.core.StandardContextValve.invoke(StandardContextValve.java:96)
	at org.apache.catalina.authenticator.AuthenticatorBase.invoke(AuthenticatorBase.java:490)
	at org.apache.catalina.core.StandardHostValve.invoke(StandardHostValve.java:139)
	at org.apache.catalina.valves.ErrorReportValve.invoke(ErrorReportValve.java:92)
	at org.apache.catalina.core.StandardEngineValve.invoke(StandardEngineValve.java:74)
	at org.apache.catalina.connector.CoyoteAdapter.service(CoyoteAdapter.java:343)
	at org.apache.coyote.http11.Http11Processor.service(Http11Processor.java:408)
	at org.apache.coyote.AbstractProcessorLight.process(AbstractProcessorLight.java:66)
	at org.apache.coyote.AbstractProtocol$ConnectionHandler.process(AbstractProtocol.java:834)
	at org.apache.tomcat.util.net.NioEndpoint$SocketProcessor.doRun(NioEndpoint.java:1415)
	at org.apache.tomcat.util.net.SocketProcessorBase.run(SocketProcessorBase.java:49)
	at java.base/java.util.concurrent.ThreadPoolExecutor.runWorker(ThreadPoolExecutor.java:1128)
	at java.base/java.util.concurrent.ThreadPoolExecutor$Worker.run(ThreadPoolExecutor.java:628)
	at org.apache.tomcat.util.threads.TaskThread$WrappingRunnable.run(TaskThread.java:61)
	at java.base/java.lang.Thread.run(Thread.java:834)
Caused by: java.lang.NumberFormatException: For input string: "signin"
	at java.base/java.lang.NumberFormatException.forInputString(NumberFormatException.java:65)
	at java.base/java.lang.Integer.parseInt(Integer.java:652)
	at java.base/java.lang.Integer.valueOf(Integer.java:983)
	at org.springframework.util.NumberUtils.parseNumber(NumberUtils.java:211)
	at org.springframework.core.convert.support.StringToNumberConverterFactory$StringToNumber.convert(StringToNumberConverterFactory.java:62)
	at org.springframework.core.convert.support.StringToNumberConverterFactory$StringToNumber.convert(StringToNumberConverterFactory.java:49)
	at org.springframework.core.convert.support.GenericConversionService$ConverterFactoryAdapter.convert(GenericConversionService.java:436)
	at org.springframework.core.convert.support.ConversionUtils.invokeConverter(ConversionUtils.java:40)
	... 91 common frames omitted

